<?xml version="1.0" encoding="UTF-8"?>
<testng-results ignored="0" total="0" passed="0" failed="0" skipped="0">
  <reporter-output>
  </reporter-output>
  <suite started-at="2021-12-24T15:56:27 IST" name="CucumberPro" finished-at="2021-12-24T15:56:27 IST" duration-ms="12">
    <groups>
    </groups>
    <test started-at="2021-12-24T15:56:27 IST" name="SampleTest" finished-at="2021-12-24T15:56:27 IST" duration-ms="12">
    </test> <!-- SampleTest -->
  </suite> <!-- CucumberPro -->
</testng-results>
